<?xml version="1.0" encoding="UTF-8"?>
<testng-results skipped="0" failed="0" ignored="0" total="1" passed="1">
  <reporter-output>
  </reporter-output>
  <suite name="Default suite" duration-ms="64208" started-at="2018-11-22T15:10:55Z" finished-at="2018-11-22T15:11:59Z">
    <groups>
    </groups>
    <test name="Default test" duration-ms="64208" started-at="2018-11-22T15:10:55Z" finished-at="2018-11-22T15:11:59Z">
      <class name="coCoin.TestCase.sanityTest">
        <test-method status="PASS" signature="SanityTest()[pri:1, instance:coCoin.TestCase.sanityTest@5bc79255]" name="SanityTest" duration-ms="64176" started-at="2018-11-22T15:10:55Z" finished-at="2018-11-22T15:11:59Z">
          <reporter-output>
          </reporter-output>
        </test-method> <!-- SanityTest -->
        <test-method status="PASS" signature="teardownTests()[pri:0, instance:coCoin.TestCase.sanityTest@5bc79255]" name="teardownTests" is-config="true" duration-ms="1" started-at="2018-11-22T15:11:59Z" finished-at="2018-11-22T15:11:59Z">
          <reporter-output>
          </reporter-output>
        </test-method> <!-- teardownTests -->
        <test-method status="PASS" signature="tearDown()[pri:0, instance:coCoin.TestCase.sanityTest@5bc79255]" name="tearDown" is-config="true" duration-ms="1" started-at="2018-11-22T15:11:59Z" finished-at="2018-11-22T15:11:59Z">
          <reporter-output>
          </reporter-output>
        </test-method> <!-- tearDown -->
      </class> <!-- coCoin.TestCase.sanityTest -->
    </test> <!-- Default test -->
  </suite> <!-- Default suite -->
</testng-results>
